# JRE version: Java(TM) SE Runtime Environment (10.0.2+13) (build 10.0.2+13)
# Java VM: Java HotSpot(TM) 64-Bit Server VM (10.0.2+13, mixed mode, tiered, compressed oops, g1 gc, bsd-amd64)
Heap:
 garbage-first heap   total 157696K, used 44234K [0x0000000740000000, 0x00000007c0000000)
  region size 1024K, 22 young (22528K), 8 survivors (8192K)
 Metaspace       used 67177K, capacity 68753K, committed 69376K, reserved 1110016K
  class space    used 7994K, capacity 8583K, committed 8704K, reserved 1048576K
GC Heap History (10 events):
Event: 12.824 GC heap before
{Heap before GC invocations=8 (full 0):
 garbage-first heap   total 131072K, used 61663K [0x0000000740000000, 0x00000007c0000000)
  region size 1024K, 55 young (56320K), 8 survivors (8192K)
 Metaspace       used 34834K, capacity 35698K, committed 35920K, reserved 1081344K
  class space    used 3895K, capacity 4279K, committed 4352K, reserved 1048576K
}
Event: 12.845 GC heap after
{Heap after GC invocations=9 (full 0):
 garbage-first heap   total 131072K, used 15277K [0x0000000740000000, 0x00000007c0000000)
  region size 1024K, 6 young (6144K), 6 survivors (6144K)
 Metaspace       used 34834K, capacity 35698K, committed 35920K, reserved 1081344K
  class space    used 3895K, capacity 4279K, committed 4352K, reserved 1048576K
}
Event: 17.677 GC heap before
{Heap before GC invocations=10 (full 0):
 garbage-first heap   total 131072K, used 86957K [0x0000000740000000, 0x00000007c0000000)
  region size 1024K, 76 young (77824K), 6 survivors (6144K)
 Metaspace       used 49091K, capacity 50110K, committed 50688K, reserved 1093632K
  class space    used 5693K, capacity 6106K, committed 6144K, reserved 1048576K
}
Event: 17.698 GC heap after
{Heap after GC invocations=11 (full 0):
 garbage-first heap   total 157696K, used 20687K [0x0000000740000000, 0x00000007c0000000)
  region size 1024K, 10 young (10240K), 10 survivors (10240K)
 Metaspace       used 49091K, capacity 50110K, committed 50688K, reserved 1093632K
  class space    used 5693K, capacity 6106K, committed 6144K, reserved 1048576K
}
Event: 22.075 GC heap before
{Heap before GC invocations=11 (full 0):
 garbage-first heap   total 157696K, used 85199K [0x0000000740000000, 0x00000007c0000000)
  region size 1024K, 74 young (75776K), 10 survivors (10240K)
 Metaspace       used 58712K, capacity 59842K, committed 60296K, reserved 1101824K
  class space    used 6989K, capacity 7424K, committed 7424K, reserved 1048576K
}
Event: 22.097 GC heap after
{Heap after GC invocations=12 (full 0):
 garbage-first heap   total 157696K, used 23395K [0x0000000740000000, 0x00000007c0000000)
  region size 1024K, 9 young (9216K), 9 survivors (9216K)
 Metaspace       used 58712K, capacity 59842K, committed 60296K, reserved 1101824K
  class space    used 6989K, capacity 7424K, committed 7424K, reserved 1048576K
}
Event: 1817.202 GC heap before
{Heap before GC invocations=13 (full 0):
 garbage-first heap   total 157696K, used 108387K [0x0000000740000000, 0x00000007c0000000)
  region size 1024K, 92 young (94208K), 9 survivors (9216K)
 Metaspace       used 65100K, capacity 66615K, committed 67072K, reserved 1107968K
  class space    used 7832K, capacity 8383K, committed 8448K, reserved 1048576K
}
Event: 1817.244 GC heap after
{Heap after GC invocations=14 (full 0):
 garbage-first heap   total 157696K, used 27074K [0x0000000740000000, 0x00000007c0000000)
  region size 1024K, 7 young (7168K), 7 survivors (7168K)
 Metaspace       used 65100K, capacity 66615K, committed 67072K, reserved 1107968K
  class space    used 7832K, capacity 8383K, committed 8448K, reserved 1048576K
}
Event: 21438.385 GC heap before
{Heap before GC invocations=14 (full 0):
 garbage-first heap   total 157696K, used 114114K [0x0000000740000000, 0x00000007c0000000)
  region size 1024K, 92 young (94208K), 7 survivors (7168K)
 Metaspace       used 65721K, capacity 67289K, committed 67840K, reserved 1107968K
  class space    used 7834K, capacity 8415K, committed 8448K, reserved 1048576K
}
Event: 21438.784 GC heap after
{Heap after GC invocations=15 (full 0):
 garbage-first heap   total 157696K, used 30922K [0x0000000740000000, 0x00000007c0000000)
  region size 1024K, 8 young (8192K), 8 survivors (8192K)
 Metaspace       used 65721K, capacity 67289K, committed 67840K, reserved 1107968K
  class space    used 7834K, capacity 8415K, committed 8448K, reserved 1048576K
}

